<?xml version="1.0" encoding="UTF-8"?>
<testng-results ignored="0" total="3" passed="2" failed="1" skipped="0">
  <reporter-output>
  </reporter-output>
  <suite started-at="2025-04-12T20:03:14 CEST" name="Surefire suite" finished-at="2025-04-12T20:07:23 CEST" duration-ms="249840">
    <groups>
      <group name="sessions">
        <method signature="SessionsTest.testSessions()[pri:0, instance:tests.SessionsTest@55536d9e]" name="testSessions" class="tests.SessionsTest"/>
      </group> <!-- sessions -->
      <group name="identities">
        <method signature="IdentitiesTest.testIdentities()[pri:0, instance:tests.IdentitiesTest@6b8ca3c8]" name="testIdentities" class="tests.IdentitiesTest"/>
      </group> <!-- identities -->
      <group name="flows">
        <method signature="FlowsTest.testFlows()[pri:0, instance:tests.FlowsTest@747edf66]" name="testFlows" class="tests.FlowsTest"/>
      </group> <!-- flows -->
      <group name="regression">
        <method signature="FlowsTest.testFlows()[pri:0, instance:tests.FlowsTest@747edf66]" name="testFlows" class="tests.FlowsTest"/>
        <method signature="IdentitiesTest.testIdentities()[pri:0, instance:tests.IdentitiesTest@6b8ca3c8]" name="testIdentities" class="tests.IdentitiesTest"/>
        <method signature="SessionsTest.testSessions()[pri:0, instance:tests.SessionsTest@55536d9e]" name="testSessions" class="tests.SessionsTest"/>
      </group> <!-- regression -->
    </groups>
    <test started-at="2025-04-12T20:03:14 CEST" name="Surefire test" finished-at="2025-04-12T20:07:23 CEST" duration-ms="249840">
      <class name="tests.SessionsTest">
        <test-method signature="testSessions()[pri:0, instance:tests.SessionsTest@55536d9e]" started-at="2025-04-12T20:05:28 CEST" name="testSessions" finished-at="2025-04-12T20:06:14 CEST" duration-ms="45780" status="PASS">
          <reporter-output>
          </reporter-output>
        </test-method> <!-- testSessions -->
      </class> <!-- tests.SessionsTest -->
      <class name="tests.IdentitiesTest">
        <test-method signature="testIdentities()[pri:0, instance:tests.IdentitiesTest@6b8ca3c8]" started-at="2025-04-12T20:03:14 CEST" name="testIdentities" finished-at="2025-04-12T20:05:28 CEST" duration-ms="134898" status="FAIL">
          <exception class="java.lang.AssertionError">
            <message>
              <![CDATA[No identities found in the list]]>
            </message>
            <full-stacktrace>
              <![CDATA[java.lang.AssertionError: No identities found in the list
at tests.IdentitiesTest.testIdentities(IdentitiesTest.java:63)
at java.base/jdk.internal.reflect.NativeMethodAccessorImpl.invoke0(Native Method)
at java.base/jdk.internal.reflect.NativeMethodAccessorImpl.invoke(NativeMethodAccessorImpl.java:62)
at java.base/jdk.internal.reflect.DelegatingMethodAccessorImpl.invoke(DelegatingMethodAccessorImpl.java:43)
at java.base/java.lang.reflect.Method.invoke(Method.java:566)
at org.testng.internal.invokers.MethodInvocationHelper.invokeMethod(MethodInvocationHelper.java:141)
at org.testng.internal.invokers.TestInvoker.invokeMethod(TestInvoker.java:686)
at org.testng.internal.invokers.TestInvoker.invokeTestMethod(TestInvoker.java:230)
at org.testng.internal.invokers.MethodRunner.runInSequence(MethodRunner.java:63)
at org.testng.internal.invokers.TestInvoker$MethodInvocationAgent.invoke(TestInvoker.java:992)
at org.testng.internal.invokers.TestInvoker.invokeTestMethods(TestInvoker.java:203)
at org.testng.internal.invokers.TestMethodWorker.invokeTestMethods(TestMethodWorker.java:154)
at org.testng.internal.invokers.TestMethodWorker.run(TestMethodWorker.java:134)
at java.base/java.util.ArrayList.forEach(ArrayList.java:1541)
at org.testng.TestRunner.privateRun(TestRunner.java:739)
at org.testng.TestRunner.run(TestRunner.java:614)
at org.testng.SuiteRunner.runTest(SuiteRunner.java:421)
at org.testng.SuiteRunner.runSequentially(SuiteRunner.java:413)
at org.testng.SuiteRunner.privateRun(SuiteRunner.java:373)
at org.testng.SuiteRunner.run(SuiteRunner.java:312)
at org.testng.SuiteRunnerWorker.runSuite(SuiteRunnerWorker.java:52)
at org.testng.SuiteRunnerWorker.run(SuiteRunnerWorker.java:95)
at org.testng.TestNG.runSuitesSequentially(TestNG.java:1274)
at org.testng.TestNG.runSuitesLocally(TestNG.java:1208)
at org.testng.TestNG.runSuites(TestNG.java:1112)
at org.testng.TestNG.run(TestNG.java:1079)
at org.apache.maven.surefire.testng.TestNGExecutor.run(TestNGExecutor.java:135)
at org.apache.maven.surefire.testng.TestNGDirectoryTestSuite.executeMulti(TestNGDirectoryTestSuite.java:193)
at org.apache.maven.surefire.testng.TestNGDirectoryTestSuite.execute(TestNGDirectoryTestSuite.java:94)
at org.apache.maven.surefire.testng.TestNGProvider.invoke(TestNGProvider.java:146)
at org.apache.maven.surefire.booter.ForkedBooter.invokeProviderInSameClassLoader(ForkedBooter.java:384)
at org.apache.maven.surefire.booter.ForkedBooter.runSuitesInProcess(ForkedBooter.java:345)
at org.apache.maven.surefire.booter.ForkedBooter.execute(ForkedBooter.java:126)
at org.apache.maven.surefire.booter.ForkedBooter.main(ForkedBooter.java:418)
]]>
            </full-stacktrace>
          </exception> <!-- java.lang.AssertionError -->
          <reporter-output>
          </reporter-output>
        </test-method> <!-- testIdentities -->
      </class> <!-- tests.IdentitiesTest -->
      <class name="tests.FlowsTest">
        <test-method signature="testFlows()[pri:0, instance:tests.FlowsTest@747edf66]" started-at="2025-04-12T20:06:14 CEST" name="testFlows" finished-at="2025-04-12T20:07:23 CEST" duration-ms="69135" status="PASS">
          <reporter-output>
          </reporter-output>
        </test-method> <!-- testFlows -->
      </class> <!-- tests.FlowsTest -->
    </test> <!-- Surefire test -->
  </suite> <!-- Surefire suite -->
</testng-results>
